<?xml version="1.0" encoding="UTF-8"?>
<testsuite xmlns:xsi="http://www.w3.org/2001/XMLSchema-instance" xsi:noNamespaceSchemaLocation="https://maven.apache.org/surefire/maven-surefire-plugin/xsd/surefire-test-report-3.0.xsd" version="3.0" name="com.example.kitchensink.controller.MemberControllerIntegrationTest" time="5.652" tests="4" errors="0" skipped="0" failures="0">
  <properties>
[...]
</properties>
  <testcase name="testCreateMember" classname="com.example.kitchensink.controller.MemberControllerIntegrationTest" time="1.364">
    <system-out><![CDATA[15:50:51.830 [main] INFO org.springframework.test.context.support.AnnotationConfigContextLoaderUtils -- Could not detect default configuration classes for test class [com.example.kitchensink.controller.MemberControllerIntegrationTest]: MemberControllerIntegrationTest does not declare any static, non-private, non-final, nested classes annotated with @Configuration.
15:50:52.006 [main] INFO org.springframework.boot.test.context.SpringBootTestContextBootstrapper -- Found @SpringBootConfiguration com.example.kitchensink.KitchensinkApplication for test class com.example.kitchensink.controller.MemberControllerIntegrationTest

  .   ____          _            __ _ _
 /\\ / ___'_ __ _ _(_)_ __  __ _ \ \ \ \
( ( )\___ | '_ | '_| | '_ \/ _` | \ \ \ \
 \\/  ___)| |_)| | | | | || (_| |  ) ) ) )
  '  |____| .__|_| |_|_| |_\__, | / / / /
 =========|_|==============|___/=/_/_/_/
 :: Spring Boot ::                (v3.1.0)

2024-12-14T15:50:52.584+05:30  INFO 15408 --- [           main] c.e.k.c.MemberControllerIntegrationTest  : Starting MemberControllerIntegrationTest using Java 21.0.5 with PID 15408 (started by sanch in D:\Study Materials\LearningHub\Workspace\KitchenSink\KitchenSink)
2024-12-14T15:50:52.587+05:30  INFO 15408 --- [           main] c.e.k.c.MemberControllerIntegrationTest  : No active profile set, falling back to 1 default profile: "default"
2024-12-14T15:50:53.429+05:30  INFO 15408 --- [           main] .s.d.r.c.RepositoryConfigurationDelegate : Bootstrapping Spring Data MongoDB repositories in DEFAULT mode.
2024-12-14T15:50:53.504+05:30  INFO 15408 --- [           main] .s.d.r.c.RepositoryConfigurationDelegate : Finished Spring Data repository scanning in 66 ms. Found 1 MongoDB repository interfaces.
2024-12-14T15:50:54.204+05:30  INFO 15408 --- [           main] org.mongodb.driver.client                : MongoClient with metadata {"driver": {"name": "mongo-java-driver|sync|spring-boot", "version": "4.9.1"}, "os": {"type": "Windows", "name": "Windows 11", "architecture": "amd64", "version": "10.0"}, "platform": "Java/Oracle Corporation/21.0.5+9-LTS-239"} created with settings MongoClientSettings{readPreference=primary, writeConcern=WriteConcern{w=null, wTimeout=null ms, journal=null}, retryWrites=true, retryReads=true, readConcern=ReadConcern{level=null}, credential=null, streamFactoryFactory=null, commandListeners=[], codecRegistry=ProvidersCodecRegistry{codecProviders=[ValueCodecProvider{}, BsonValueCodecProvider{}, DBRefCodecProvider{}, DBObjectCodecProvider{}, DocumentCodecProvider{}, CollectionCodecProvider{}, IterableCodecProvider{}, MapCodecProvider{}, GeoJsonCodecProvider{}, GridFSFileCodecProvider{}, Jsr310CodecProvider{}, JsonObjectCodecProvider{}, BsonCodecProvider{}, EnumCodecProvider{}, com.mongodb.client.model.mql.ExpressionCodecProvider@5be052ca, com.mongodb.Jep395RecordCodecProvider@2007435e]}, loggerSettings=LoggerSettings{maxDocumentLength=1000}, clusterSettings={hosts=[localhost:27017], srvServiceName=mongodb, mode=SINGLE, requiredClusterType=UNKNOWN, requiredReplicaSetName='null', serverSelector='null', clusterListeners='[]', serverSelectionTimeout='30000 ms', localThreshold='30000 ms'}, socketSettings=SocketSettings{connectTimeoutMS=10000, readTimeoutMS=0, receiveBufferSize=0, sendBufferSize=0}, heartbeatSocketSettings=SocketSettings{connectTimeoutMS=10000, readTimeoutMS=10000, receiveBufferSize=0, sendBufferSize=0}, connectionPoolSettings=ConnectionPoolSettings{maxSize=100, minSize=0, maxWaitTimeMS=120000, maxConnectionLifeTimeMS=0, maxConnectionIdleTimeMS=0, maintenanceInitialDelayMS=0, maintenanceFrequencyMS=60000, connectionPoolListeners=[], maxConnecting=2}, serverSettings=ServerSettings{heartbeatFrequencyMS=10000, minHeartbeatFrequencyMS=500, serverListeners='[]', serverMonitorListeners='[]'}, sslSettings=SslSettings{enabled=false, invalidHostNameAllowed=false, context=null}, applicationName='null', compressorList=[], uuidRepresentation=JAVA_LEGACY, serverApi=null, autoEncryptionSettings=null, contextProvider=null}
2024-12-14T15:50:54.285+05:30  INFO 15408 --- [localhost:27017] org.mongodb.driver.cluster               : Monitor thread successfully connected to server with description ServerDescription{address=localhost:27017, type=STANDALONE, state=CONNECTED, ok=true, minWireVersion=0, maxWireVersion=25, maxDocumentSize=16777216, logicalSessionTimeoutMinutes=30, roundTripTimeNanos=49316900}
2024-12-14T15:50:54.682+05:30  WARN 15408 --- [           main] .s.s.UserDetailsServiceAutoConfiguration : 

Using generated security password: 83f097be-1a92-4f69-bb58-38bec5a745b8

This generated password is for development use only. Your security configuration must be updated before running your application in production.

2024-12-14T15:50:54.982+05:30  INFO 15408 --- [           main] o.s.s.web.DefaultSecurityFilterChain     : Will secure any request with [org.springframework.security.web.session.DisableEncodeUrlFilter@203e705e, org.springframework.security.web.context.request.async.WebAsyncManagerIntegrationFilter@78c74647, org.springframework.security.web.context.SecurityContextHolderFilter@279126f5, org.springframework.security.web.header.HeaderWriterFilter@49232c6f, org.springframework.security.web.authentication.logout.LogoutFilter@1e2445f6, org.springframework.security.web.savedrequest.RequestCacheAwareFilter@5fdd97c1, org.springframework.security.web.servletapi.SecurityContextHolderAwareRequestFilter@584ca390, org.springframework.security.web.authentication.AnonymousAuthenticationFilter@39652a30, org.springframework.security.web.access.ExceptionTranslationFilter@6fbf5db2, org.springframework.security.web.access.intercept.AuthorizationFilter@377dfb8d]
2024-12-14T15:50:55.238+05:30  INFO 15408 --- [           main] o.s.s.w.a.c.ChannelProcessingFilter      : Validated configuration attributes
2024-12-14T15:50:55.238+05:30  INFO 15408 --- [           main] o.s.s.web.DefaultSecurityFilterChain     : Will secure any request with [org.springframework.security.web.session.DisableEncodeUrlFilter@7523d5a1, org.springframework.security.web.access.channel.ChannelProcessingFilter@733534f9, org.springframework.security.web.context.request.async.WebAsyncManagerIntegrationFilter@2bfc2f8b, org.springframework.security.web.context.SecurityContextHolderFilter@2bdab835, org.springframework.security.web.header.HeaderWriterFilter@147e0734, org.springframework.security.web.authentication.logout.LogoutFilter@4f64d9cb, org.springframework.security.web.savedrequest.RequestCacheAwareFilter@7b8aebd0, org.springframework.security.web.servletapi.SecurityContextHolderAwareRequestFilter@55222ee9, org.springframework.security.web.authentication.AnonymousAuthenticationFilter@61853c7e, org.springframework.security.web.access.ExceptionTranslationFilter@3962ec84, org.springframework.security.web.access.intercept.AuthorizationFilter@621624b1]
2024-12-14T15:50:55.644+05:30  INFO 15408 --- [           main] o.s.b.t.m.w.SpringBootMockServletContext : Initializing Spring TestDispatcherServlet ''
2024-12-14T15:50:55.644+05:30  INFO 15408 --- [           main] o.s.t.web.servlet.TestDispatcherServlet  : Initializing Servlet ''
2024-12-14T15:50:55.645+05:30  INFO 15408 --- [           main] o.s.t.web.servlet.TestDispatcherServlet  : Completed initialization in 1 ms
2024-12-14T15:50:55.670+05:30  INFO 15408 --- [           main] c.e.k.c.MemberControllerIntegrationTest  : Started MemberControllerIntegrationTest in 3.467 seconds (process running for 4.908)
]]></system-out>
    <system-err><![CDATA[WARNING: A Java agent has been loaded dynamically (C:\Users\sanch\.m2\repository\net\bytebuddy\byte-buddy-agent\1.14.4\byte-buddy-agent-1.14.4.jar)
WARNING: If a serviceability tool is in use, please run with -XX:+EnableDynamicAgentLoading to hide this warning
WARNING: If a serviceability tool is not in use, please run with -Djdk.instrument.traceUsage for more information
WARNING: Dynamic loading of agents will be disallowed by default in a future release
]]></system-err>
  </testcase>
  <testcase name="testGetAllMembers" classname="com.example.kitchensink.controller.MemberControllerIntegrationTest" time="0.071"/>
  <testcase name="testUpdateMember" classname="com.example.kitchensink.controller.MemberControllerIntegrationTest" time="0.068"/>
  <testcase name="testDeleteMember" classname="com.example.kitchensink.controller.MemberControllerIntegrationTest" time="0.031"/>
</testsuite>