<?xml version="1.0" encoding="UTF-8"?>
<testsuite xmlns:xsi="http://www.w3.org/2001/XMLSchema-instance" xsi:noNamespaceSchemaLocation="https://maven.apache.org/surefire/maven-surefire-plugin/xsd/surefire-test-report-3.0.xsd" version="3.0" name="com.example.kitchensink.service.MemberServiceTest" time="0.451" tests="5" errors="0" skipped="0" failures="0">
  <properties>
[...]
</properties>
  <testcase name="getMemberById" classname="com.example.kitchensink.service.MemberServiceTest" time="0.413"/>
  <testcase name="updateMember" classname="com.example.kitchensink.service.MemberServiceTest" time="0.011"/>
  <testcase name="deleteMember" classname="com.example.kitchensink.service.MemberServiceTest" time="0.004"/>
  <testcase name="createMember" classname="com.example.kitchensink.service.MemberServiceTest" time="0.005"/>
  <testcase name="getAllMembers" classname="com.example.kitchensink.service.MemberServiceTest" time="0.003"/>
</testsuite>